===== 2026-07-03 20:34 =====
======================================================================
 Vacantes REMOTAS para Emiliano — Soporte/CS (hoy) + Web/Dev (futuro)
======================================================================
→ Remotive...
→ RemoteOK...
→ Jobicy...
→ Arbeitnow...
→ We Work Remotely...

Total descargadas (sin filtrar): 437

───── Soporte/CS  (11 vacantes, 0 nuevas) ────────────
[2026-07-02] French Bilingual Roadside Assistance - Part Time Remote (Ontario, Canada)
        U-Haul  ·  Canada  ·  (Jobicy)
        https://jobicy.com/jobs/148429-french-bilingual-roadside-assistance-part-time-remote-ontario-canada
[2026-07-02] Bilingual French - Remote Roadside Assistance Agent (Part Time)
        U-Haul  ·  USA  ·  (Jobicy)
        https://jobicy.com/jobs/148423-bilingual-french-remote-roadside-assistance-agent-part-time
[2026-07-02] Freelancer im Inbound Customer Service - innerhalb der EU - 100% Remote - Deutsch C1/C2
        hey contact heroes GmbH  ·  Anywhere in the World  ·  (WeWorkRemotely)
        https://weworkremotely.com/remote-jobs/hey-contact-heroes-gmbh-freelancer-im-inbound-customer-service-innerhalb-der-eu-100
[2026-06-30] Remote Customer Support Agent (P&C)
        jerry.ai  ·  Anywhere in the World  ·  (WeWorkRemotely)
        https://weworkremotely.com/remote-jobs/jerry-ai-remote-customer-support-agent-p-c
[2026-06-19] Customer Service Associate
        Entrepreneur Cooperative  ·  Anywhere in the World  ·  (WeWorkRemotely)
        https://weworkremotely.com/remote-jobs/entrepreneur-cooperative-customer-service-associate
[2026-06-15] Merchant Support Specialist
        Zapiet  ·  Anywhere in the World  ·  (WeWorkRemotely)
        https://weworkremotely.com/remote-jobs/zapiet-merchant-support-specialist-2
[2026-06-15] Remote Customer Support - $20/hr - United States
        Remote Talent Cloud  ·  Anywhere in the World  ·  (WeWorkRemotely)
        https://weworkremotely.com/remote-jobs/remote-talent-cloud-remote-customer-support-20-hr-united-states-5
[2026-06-10] Customer Success Advocate
        Bask Health  ·  Anywhere in the World  ·  (WeWorkRemotely)
        https://weworkremotely.com/remote-jobs/bask-health-customer-success-advocate
[2026-06-08] Customer Support Specialist
        Select Saunas  ·  Anywhere in the World  ·  (WeWorkRemotely)
        https://weworkremotely.com/remote-jobs/select-saunas-customer-support-specialist
[2026-06-04] Online Data Analyst United States Spanish speakers
        TELUS Digital  ·  USA  ·  (Remotive)
        https://remotive.com/remote-jobs/all-others/online-data-analyst-united-states-spanish-speakers-2090946
[2025-12-05] Customer Support Agent (Remote)
        CRAE GROUP LTD  ·  Anywhere in the World  ·  (WeWorkRemotely)
        https://weworkremotely.com/remote-jobs/crae-group-ltd-customer-support-agent-remote

───── Web/Dev  (13 vacantes, 0 nuevas) ────────────
[2026-07-03] Forward Deployed AI Engineer (m/w/d)
        Rockstardevelopers GmbH  ·  Remote  ·  (Arbeitnow)
        https://www.arbeitnow.com/jobs/companies/rockstardevelopers-gmbh/forward-deployed-ai-engineer-stuttgart-329959
[2026-07-02] Full Stack Developer first UK
        Better Futures Multi Academy Trust  ·  Worldwide  ·  (RemoteOK)
        https://remoteOK.com/remote-jobs/remote-full-stack-developer-first-uk-better-futures-multi-academy-trust-1134395
[2026-06-30] Full-Stack Developer (React + AWS)
        Base.com  ·  Anywhere in the World  ·  (WeWorkRemotely)
        https://weworkremotely.com/remote-jobs/base-com-full-stack-developer-react-aws
[2026-06-30] Full Stack Developer
        Sowelo Consulting  ·  Anywhere in the World  ·  (WeWorkRemotely)
        https://weworkremotely.com/remote-jobs/sowelo-consulting-full-stack-developer
[2026-06-28] Laravel & React Engineer (Remote, Latam)
        Kubikware  ·  LATAM  ·  (Jobicy)
        https://jobicy.com/jobs/147975-laravel-react-engineer-remote-latam
[2026-06-28] Full-Stack Node.js and React Engineer
        Kubikware  ·  LATAM  ·  (Jobicy)
        https://jobicy.com/jobs/147974-full-stack-node-js-and-react-engineer
[2026-06-24] Freelance Full-Stack Web App Developer
        Mindrift  ·  Anywhere in the World  ·  (WeWorkRemotely)
        https://weworkremotely.com/remote-jobs/mindrift-freelance-full-stack-web-app-developer
[2026-06-16] Frontend Developer
        Quinncia Inc  ·  Worldwide  ·  (Remotive)
        https://remotive.com/remote-jobs/software-development/frontend-developer-2090991
[2026-06-08] Dynamics 365 CRM Developer
        Pro iDeal Jobs  ·  Remote  ·  (WeWorkRemotely)
        https://weworkremotely.com/remote-jobs/pro-ideal-jobs-dynamics-365-crm-developer
[2026-06-08] Web Developer
        ServiceTitan  ·  Anywhere in the World  ·  (WeWorkRemotely)
        https://weworkremotely.com/remote-jobs/servicetitan-web-developer
[2026-06-05] Web Applications Developer - Sacramento, CA
        AHU Technologies  ·  Anywhere in the World  ·  (WeWorkRemotely)
        https://weworkremotely.com/remote-jobs/ahu-technologies-web-applications-developer-sacramento-ca
[2026-06-04] Full-Stack Developer (Node.js) | Website Builder | Based in Poland
        Hostinger  ·  Anywhere in the World  ·  (WeWorkRemotely)
        https://weworkremotely.com/remote-jobs/hostinger-full-stack-developer-node-js-website-builder-based-in-poland

======================================================================
 ✔  Guardadas 24 vacantes en:  empleos_remotos.csv
     · Soporte/CS (para ya): 11   · Web/Dev (a futuro): 13
     · NUEVAS desde la última corrida: 0  (CS: 0, Web: 0)
     Ábrelo con Excel/Google Sheets y filtra por la columna 'perfil'.
======================================================================
sin vacantes nuevas hoy, no aviso
===== 2026-07-03 21:10 =====
======================================================================
 Vacantes REMOTAS para Emiliano — Soporte/CS (hoy) + Web/Dev (futuro)
======================================================================
→ Remotive...
→ RemoteOK...
→ Jobicy...
   ⚠  No se pudo consultar jobicy.com: 404 Client Error: Not Found for url: https://jobicy.com/api/v2/remote-jobs?count=50&tag=virtual-assistant
→ Arbeitnow...
→ We Work Remotely...
→ Torre.ai (LATAM)...

Total descargadas (sin filtrar): 451

───── Asistente virtual  (23 vacantes, 0 nuevas) ────────────
[2026-06-30] 🗣 Spanish Bilingual Customer Service & Dispatch Virtual Assistant (Pest Control)
        Talent Bridging  ·  Remote (LATAM-friendly)  ·  (Torre)
        https://torre.ai/post/Vro7QRDr
[2026-05-08] 🗣 Mandarin Bilingual Medical Virtual Assistant - Customer Service
        Neolytix  ·  Remote (LATAM-friendly)  ·  (Torre)
        https://torre.ai/post/Prlov8Jd
[2026-04-27] 🗣 Korean Bilingual Medical Virtual Assistant - Customer Service
        Neolytix  ·  Remote (LATAM-friendly)  ·  (Torre)
        https://torre.ai/post/ZW22lxzW
[2026-04-27] 🗣 Korean Bilingual Medical Virtual Assistant - Customer Service
        Neolytix  ·  Remote (LATAM-friendly)  ·  (Torre)
        https://torre.ai/post/8wDqMPod
[2025-10-21] 🗣 Bilingual Customer & Operations Assistant (Remote)
        Cleanse Cleaning Company  ·  Remote (LATAM-friendly)  ·  (Torre)
        https://torre.ai/post/KWN9eYzr
[2026-07-03] Virtual Assistant
        Blond&Quantum  ·  Remote (LATAM-friendly)  ·  (Torre)
        https://torre.ai/post/Yd6px41W
[2026-07-02] CPT-11232 Bookkeeping & Financial Support Virtual Assistant
        20four7VA  ·  Remote (LATAM-friendly)  ·  (Torre)
        https://torre.ai/post/VWYe88eW
[2026-06-30] Remote Virtual Assistants
        Cyberbacker Careers  ·  Remote (LATAM-friendly)  ·  (Torre)
        https://torre.ai/post/Gdjjb3Yd
[2026-06-30] CPT-11214 Credit Repair Dispute Processing Virtual Assistant
        20four7VA  ·  Remote (LATAM-friendly)  ·  (Torre)
        https://torre.ai/post/VdL1PmAr
[2026-06-30] Data Entry Specialist (100% Remote)
        Conquest Healthcare  ·  Remote (LATAM-friendly)  ·  (Torre)
        https://torre.ai/post/qdP9x2Ar
[2026-06-26] Executive Assistant
        Simplero  ·  Anywhere in the World  ·  (WeWorkRemotely)
        https://weworkremotely.com/remote-jobs/simplero-executive-assistant-1
[2026-06-22] Data Entry Clerk
        Harry Rosen Limited  ·  Remote (LATAM-friendly)  ·  (Torre)
        https://torre.ai/post/JWOz5pZr
[2026-06-19] Bookkeeping & Operations Virtual Assistant
        101 Property  ·  Remote (LATAM-friendly)  ·  (Torre)
        https://torre.ai/post/KWNK2L7w
[2026-06-12] Virtual Assistant / Customer Support
        Mega Mortgage of Texas  ·  Remote (LATAM-friendly)  ·  (Torre)
        https://torre.ai/post/VWM7Xzxd
[2026-06-11] Office Assistant
        Coalition Technologies  ·  Worldwide  ·  (Remotive)
        https://remotive.com/remote-jobs/marketing/office-assistant-1680495

───── Servicio al cliente  (33 vacantes, 0 nuevas) ────────────
[2026-06-19] 🗣 Bilingual Customer Care Representative - Remote (English, French and/or Spanish)
        Vision Group  ·  Remote (LATAM-friendly)  ·  (Torre)
        https://torre.ai/post/OwGJ1jAW
[2026-06-16] 🗣 Customer Support Representative (Bilingual: English & Spanish)
        Deos  ·  Remote (LATAM-friendly)  ·  (Torre)
        https://torre.ai/post/Odv8a30W
[2026-04-14] 🗣 Customer Service Representative (Bilingual Spanish-English)
        Talent Bridging  ·  Remote (LATAM-friendly)  ·  (Torre)
        https://torre.ai/post/GdjqLMaw
[2025-07-13] 🗣 Bilingual Customer Service Associate (Remote)
        Leshey Medical  ·  Remote (LATAM-friendly)  ·  (Torre)
        https://torre.ai/post/2rkKkqbr
[2020-05-07] 🗣 Bilingual customer Service - HOME OFFICE
        Teleperformance Spain  ·  Remote (LATAM-friendly)  ·  (Torre)
        https://torre.ai/post/ZW5MpMWa
[2026-06-30] Remote Customer Support Agent (P&C)
        jerry.ai  ·  Anywhere in the World  ·  (WeWorkRemotely)
        https://weworkremotely.com/remote-jobs/jerry-ai-remote-customer-support-agent-p-c
[2026-06-30] Customer Service Representative II
        Premera  ·  Remote (LATAM-friendly)  ·  (Torre)
        https://torre.ai/post/6Wa4jZor
[2026-06-30] Call Center Representative
        ARMStrong Insurance Services  ·  Remote (LATAM-friendly)  ·  (Torre)
        https://torre.ai/post/JdmBG2yr
[2026-06-30] Customer Support Executive (Voice & Chat)
        Eliora Technology Pvt. Ltd.  ·  Remote (LATAM-friendly)  ·  (Torre)
        https://torre.ai/post/mwApAVeW
[2026-06-19] Customer Service Associate
        Entrepreneur Cooperative  ·  Anywhere in the World  ·  (WeWorkRemotely)
        https://weworkremotely.com/remote-jobs/entrepreneur-cooperative-customer-service-associate
[2026-06-19] Customer Service Agent
        Leading Edge Connections  ·  Remote (LATAM-friendly)  ·  (Torre)
        https://torre.ai/post/2W1gmJkd
[2026-06-15] Merchant Support Specialist
        Zapiet  ·  Anywhere in the World  ·  (WeWorkRemotely)
        https://weworkremotely.com/remote-jobs/zapiet-merchant-support-specialist-2
[2026-06-15] Remote Customer Support - $20/hr - United States
        Remote Talent Cloud  ·  Anywhere in the World  ·  (WeWorkRemotely)
        https://weworkremotely.com/remote-jobs/remote-talent-cloud-remote-customer-support-20-hr-united-states-5
[2026-06-11] Call Center Recruiter
        Innova Software Services  ·  Remote (LATAM-friendly)  ·  (Torre)
        https://torre.ai/post/RrnLX87w
[2026-06-10] Customer Success Advocate
        Bask Health  ·  Anywhere in the World  ·  (WeWorkRemotely)
        https://weworkremotely.com/remote-jobs/bask-health-customer-success-advocate

======================================================================
 ✔  Guardadas 56 vacantes en:  empleos_remotos.csv
     · Asistente virtual: 23   · Servicio al cliente: 33
     · Piden español/bilingüe (tu fortaleza): 10
     · NUEVAS desde la última corrida: 0
     Ábrelo con Excel/Google Sheets (columnas 'perfil', 'bilingue', 'nueva').
======================================================================
sin vacantes nuevas hoy, no aviso
===== 2026-07-03 21:16 =====
======================================================================
 Vacantes REMOTAS para Emiliano — Soporte/CS (hoy) + Web/Dev (futuro)
======================================================================
→ Remotive...
→ RemoteOK...
→ Jobicy...
   ⚠  No se pudo consultar jobicy.com: 404 Client Error: Not Found for url: https://jobicy.com/api/v2/remote-jobs?count=50&tag=virtual-assistant
→ Arbeitnow...
→ We Work Remotely...
→ Torre.ai (LATAM)...

Total descargadas (sin filtrar): 466

───── Asistente virtual  (2 vacantes, 2 nuevas) ────────────
[2026-06-30] ★ NUEVA 🗣 Spanish Bilingual Customer Service & Dispatch Virtual Assistant (Pest Control)
        Talent Bridging  ·  Remote (LATAM-friendly)  ·  (Torre)
        https://torre.ai/post/Vro7QRDr
[2026-04-27] ★ NUEVA 🗣 Spanish Bilingual Medical Virtual Assistant - Healthcare
        Neolytix  ·  Remote (LATAM-friendly)  ·  (Torre)
        https://torre.ai/post/VWYQ8xLW

───── Servicio al cliente  (6 vacantes, 6 nuevas) ────────────
[2026-06-20] ★ NUEVA 🗣 Bilingual Medical Customer Service Representative (English & Spanish)
        pavago  ·  Remote (LATAM-friendly)  ·  (Torre)
        https://torre.ai/post/VWYQElGW
[2026-06-19] ★ NUEVA 🗣 Bilingual Customer Care Representative - Remote (English, French and/or Spanish)
        Vision Group  ·  Remote (LATAM-friendly)  ·  (Torre)
        https://torre.ai/post/OwGJ1jAW
[2026-06-16] ★ NUEVA 🗣 Customer Support Representative (Bilingual: English & Spanish)
        Deos  ·  Remote (LATAM-friendly)  ·  (Torre)
        https://torre.ai/post/Odv8a30W
[2026-05-04] ★ NUEVA 🗣 Customer Service Specialist Spanish Speaker (Remote)
        TalentWorldGroup  ·  Remote (LATAM-friendly)  ·  (Torre)
        https://torre.ai/post/arQnEv6W
[2026-05-02] ★ NUEVA 🗣 Customer Service Representative - Bilingual English/Spanish
        National Safety Council  ·  Remote (LATAM-friendly)  ·  (Torre)
        https://torre.ai/post/6Wa0K9Or
[2026-04-14] ★ NUEVA 🗣 Customer Service Representative (Bilingual Spanish-English)
        Talent Bridging  ·  Remote (LATAM-friendly)  ·  (Torre)
        https://torre.ai/post/GdjqLMaw

======================================================================
 ✔  Guardadas 8 vacantes en:  empleos_remotos.csv   [SOLO bilingües español-inglés]
     · Asistente virtual: 2   · Servicio al cliente: 6
     · NUEVAS desde la última corrida: 8
     Ábrelo con Excel/Google Sheets (columnas 'perfil', 'bilingue', 'nueva').
======================================================================
avisado: 8 vacantes nuevas (8 piden espanol)
===== 2026-07-04 12:32 =====
===== 2026-07-05 12:45 =====
===== 2026-07-05 12:47 =====
======================================================================
 Vacantes REMOTAS para Emiliano — Soporte/CS (hoy) + Web/Dev (futuro)
======================================================================
→ Remotive...
→ RemoteOK...
→ Jobicy...
   ⚠  No se pudo consultar jobicy.com: 404 Client Error: Not Found for url: https://jobicy.com/api/v2/remote-jobs?count=50&tag=virtual-assistant
→ Arbeitnow...
→ We Work Remotely...
→ Torre.ai (LATAM)...

Total descargadas (sin filtrar): 465

───── Asistente virtual  (2 vacantes, 0 nuevas) ────────────
[2026-06-30] 🗣 Spanish Bilingual Customer Service & Dispatch Virtual Assistant (Pest Control)
        Talent Bridging  ·  Remote (LATAM-friendly)  ·  (Torre)
        https://torre.ai/post/Vro7QRDr
[2026-04-27] 🗣 Spanish Bilingual Medical Virtual Assistant - Healthcare
        Neolytix  ·  Remote (LATAM-friendly)  ·  (Torre)
        https://torre.ai/post/VWYQ8xLW

───── Servicio al cliente  (6 vacantes, 0 nuevas) ────────────
[2026-06-20] 🗣 Bilingual Medical Customer Service Representative (English & Spanish)
        pavago  ·  Remote (LATAM-friendly)  ·  (Torre)
        https://torre.ai/post/VWYQElGW
[2026-06-19] 🗣 Bilingual Customer Care Representative - Remote (English, French and/or Spanish)
        Vision Group  ·  Remote (LATAM-friendly)  ·  (Torre)
        https://torre.ai/post/OwGJ1jAW
[2026-06-16] 🗣 Customer Support Representative (Bilingual: English & Spanish)
        Deos  ·  Remote (LATAM-friendly)  ·  (Torre)
        https://torre.ai/post/Odv8a30W
[2026-05-04] 🗣 Customer Service Specialist Spanish Speaker (Remote)
        TalentWorldGroup  ·  Remote (LATAM-friendly)  ·  (Torre)
        https://torre.ai/post/arQnEv6W
[2026-05-02] 🗣 Customer Service Representative - Bilingual English/Spanish
        National Safety Council  ·  Remote (LATAM-friendly)  ·  (Torre)
        https://torre.ai/post/6Wa0K9Or
[2026-04-14] 🗣 Customer Service Representative (Bilingual Spanish-English)
        Talent Bridging  ·  Remote (LATAM-friendly)  ·  (Torre)
        https://torre.ai/post/GdjqLMaw

======================================================================
 ✔  Guardadas 8 vacantes en:  empleos_remotos.csv   [SOLO bilingües español-inglés]
     · Asistente virtual: 2   · Servicio al cliente: 6
     · NUEVAS desde la última corrida: 0
     Ábrelo con Excel/Google Sheets (columnas 'perfil', 'bilingue', 'nueva').
======================================================================
sin vacantes nuevas hoy, no aviso
===== 2026-07-06 12:53 =====
======================================================================
 Vacantes REMOTAS para Emiliano — Soporte/CS (hoy) + Web/Dev (futuro)
======================================================================
→ Remotive...
→ RemoteOK...
→ Jobicy...
   ⚠  No se pudo consultar jobicy.com: 404 Client Error: Not Found for url: https://jobicy.com/api/v2/remote-jobs?count=50&tag=virtual-assistant
→ Arbeitnow...
→ We Work Remotely...
→ Torre.ai (LATAM)...

Total descargadas (sin filtrar): 462

───── Asistente virtual  (2 vacantes, 0 nuevas) ────────────
[2026-06-30] 🗣 Spanish Bilingual Customer Service & Dispatch Virtual Assistant (Pest Control)
        Talent Bridging  ·  Remote (LATAM-friendly)  ·  (Torre)
        https://torre.ai/post/Vro7QRDr
[2026-04-27] 🗣 Spanish Bilingual Medical Virtual Assistant - Healthcare
        Neolytix  ·  Remote (LATAM-friendly)  ·  (Torre)
        https://torre.ai/post/VWYQ8xLW

───── Servicio al cliente  (7 vacantes, 1 nuevas) ────────────
[2026-07-06] ★ NUEVA 🗣 Spanish/English - Customer Service Representatives
        Sutherland  ·  Canada  ·  (Jobicy)
        https://jobicy.com/jobs/148784-spanish-english-customer-service-representatives
[2026-06-20] 🗣 Bilingual Medical Customer Service Representative (English & Spanish)
        pavago  ·  Remote (LATAM-friendly)  ·  (Torre)
        https://torre.ai/post/VWYQElGW
[2026-06-19] 🗣 Bilingual Customer Care Representative - Remote (English, French and/or Spanish)
        Vision Group  ·  Remote (LATAM-friendly)  ·  (Torre)
        https://torre.ai/post/OwGJ1jAW
[2026-06-16] 🗣 Customer Support Representative (Bilingual: English & Spanish)
        Deos  ·  Remote (LATAM-friendly)  ·  (Torre)
        https://torre.ai/post/Odv8a30W
[2026-05-04] 🗣 Customer Service Specialist Spanish Speaker (Remote)
        TalentWorldGroup  ·  Remote (LATAM-friendly)  ·  (Torre)
        https://torre.ai/post/arQnEv6W
[2026-05-02] 🗣 Customer Service Representative - Bilingual English/Spanish
        National Safety Council  ·  Remote (LATAM-friendly)  ·  (Torre)
        https://torre.ai/post/6Wa0K9Or
[2026-04-14] 🗣 Customer Service Representative (Bilingual Spanish-English)
        Talent Bridging  ·  Remote (LATAM-friendly)  ·  (Torre)
        https://torre.ai/post/GdjqLMaw

======================================================================
 ✔  Guardadas 9 vacantes en:  empleos_remotos.csv   [SOLO bilingües español-inglés]
     · Asistente virtual: 2   · Servicio al cliente: 7
     · NUEVAS desde la última corrida: 1
     Ábrelo con Excel/Google Sheets (columnas 'perfil', 'bilingue', 'nueva').
======================================================================
avisado: 1 vacantes nuevas (9 piden espanol)
===== 2026-07-07 08:48 =====
===== 2026-07-08 07:26 =====
======================================================================
 Vacantes REMOTAS para Emiliano — Soporte/CS (hoy) + Web/Dev (futuro)
======================================================================
→ Remotive...
→ RemoteOK...
→ Jobicy...
   ⚠  No se pudo consultar jobicy.com: 404 Client Error: Not Found for url: https://jobicy.com/api/v2/remote-jobs?count=50&tag=virtual-assistant
→ Arbeitnow...
→ We Work Remotely...
→ Torre.ai (LATAM)...

Total descargadas (sin filtrar): 460

───── Asistente virtual  (4 vacantes, 2 nuevas) ────────────
[2026-07-07] ★ NUEVA 🗣 Bilingual Virtual Assistant (Spanish/English) – Medical Scribe
        Honest Taskers  ·  Remote (LATAM-friendly)  ·  (Torre)
        https://torre.ai/post/xWpKANOr
[2026-01-27] ★ NUEVA 🗣 Medical Virtual Assistant - Spanish Bilingual
        Neolytix  ·  Remote (LATAM-friendly)  ·  (Torre)
        https://torre.ai/post/6WaYPO8W
[2026-06-30] 🗣 Spanish Bilingual Customer Service & Dispatch Virtual Assistant (Pest Control)
        Talent Bridging  ·  Remote (LATAM-friendly)  ·  (Torre)
        https://torre.ai/post/Vro7QRDr
[2026-04-27] 🗣 Spanish Bilingual Medical Virtual Assistant - Healthcare
        Neolytix  ·  Remote (LATAM-friendly)  ·  (Torre)
        https://torre.ai/post/VWYQ8xLW

───── Servicio al cliente  (7 vacantes, 0 nuevas) ────────────
[2026-07-06] 🗣 Spanish/English - Customer Service Representatives
        Sutherland  ·  Canada  ·  (Jobicy)
        https://jobicy.com/jobs/148784-spanish-english-customer-service-representatives
[2026-06-20] 🗣 Bilingual Medical Customer Service Representative (English & Spanish)
        pavago  ·  Remote (LATAM-friendly)  ·  (Torre)
        https://torre.ai/post/VWYQElGW
[2026-06-19] 🗣 Bilingual Customer Care Representative - Remote (English, French and/or Spanish)
        Vision Group  ·  Remote (LATAM-friendly)  ·  (Torre)
        https://torre.ai/post/OwGJ1jAW
[2026-06-16] 🗣 Customer Support Representative (Bilingual: English & Spanish)
        Deos  ·  Remote (LATAM-friendly)  ·  (Torre)
        https://torre.ai/post/Odv8a30W
[2026-05-04] 🗣 Customer Service Specialist Spanish Speaker (Remote)
        TalentWorldGroup  ·  Remote (LATAM-friendly)  ·  (Torre)
        https://torre.ai/post/arQnEv6W
[2026-05-02] 🗣 Customer Service Representative - Bilingual English/Spanish
        National Safety Council  ·  Remote (LATAM-friendly)  ·  (Torre)
        https://torre.ai/post/6Wa0K9Or
[2026-04-14] 🗣 Customer Service Representative (Bilingual Spanish-English)
        Talent Bridging  ·  Remote (LATAM-friendly)  ·  (Torre)
        https://torre.ai/post/GdjqLMaw

======================================================================
 ✔  Guardadas 11 vacantes en:  empleos_remotos.csv   [SOLO bilingües español-inglés]
     · Asistente virtual: 4   · Servicio al cliente: 7
     · NUEVAS desde la última corrida: 2
     Ábrelo con Excel/Google Sheets (columnas 'perfil', 'bilingue', 'nueva').
======================================================================
avisado: 2 vacantes nuevas (11 piden espanol)
===== 2026-07-09 16:14 =====
======================================================================
 Vacantes REMOTAS para Emiliano — Soporte/CS (hoy) + Web/Dev (futuro)
======================================================================
→ Remotive...
→ RemoteOK...
→ Jobicy...
   ⚠  No se pudo consultar jobicy.com: 404 Client Error: Not Found for url: https://jobicy.com/api/v2/remote-jobs?count=50&tag=virtual-assistant
→ Arbeitnow...
→ We Work Remotely...
→ Torre.ai (LATAM)...

Total descargadas (sin filtrar): 450

───── Asistente virtual  (6 vacantes, 2 nuevas) ────────────
[2026-07-09] ★ NUEVA 🗣 Medical Virtual Assistant (Bilingual English/Spanish)
        WiseVAs - Virtual Assistants  ·  Remote (LATAM-friendly)  ·  (Torre)
        https://torre.ai/post/RrnA0o0d
[2026-07-09] ★ NUEVA 🗣 Administrative Assistant (Spanish-English Bilingual)
        TigerUX  ·  Remote (LATAM-friendly)  ·  (Torre)
        https://torre.ai/post/VWMq4MnW
[2026-07-07] 🗣 Bilingual Virtual Assistant (Spanish/English) – Medical Scribe
        Honest Taskers  ·  Remote (LATAM-friendly)  ·  (Torre)
        https://torre.ai/post/xWpKANOr
[2026-06-30] 🗣 Spanish Bilingual Customer Service & Dispatch Virtual Assistant (Pest Control)
        Talent Bridging  ·  Remote (LATAM-friendly)  ·  (Torre)
        https://torre.ai/post/Vro7QRDr
[2026-04-27] 🗣 Spanish Bilingual Medical Virtual Assistant - Healthcare
        Neolytix  ·  Remote (LATAM-friendly)  ·  (Torre)
        https://torre.ai/post/VWYQ8xLW
[2026-01-27] 🗣 Medical Virtual Assistant - Spanish Bilingual
        Neolytix  ·  Remote (LATAM-friendly)  ·  (Torre)
        https://torre.ai/post/6WaYPO8W

───── Servicio al cliente  (5 vacantes, 1 nuevas) ────────────
[2026-07-09] ★ NUEVA 🗣 Customer Service Representative - Bilingual English/Spanish
        National Safety Council  ·  Remote (LATAM-friendly)  ·  (Torre)
        https://torre.ai/post/ed8pQJEd
[2026-06-20] 🗣 Bilingual Medical Customer Service Representative (English & Spanish)
        pavago  ·  Remote (LATAM-friendly)  ·  (Torre)
        https://torre.ai/post/VWYQElGW
[2026-06-16] 🗣 Customer Support Representative (Bilingual: English & Spanish)
        Deos  ·  Remote (LATAM-friendly)  ·  (Torre)
        https://torre.ai/post/Odv8a30W
[2026-05-04] 🗣 Customer Service Specialist Spanish Speaker (Remote)
        TalentWorldGroup  ·  Remote (LATAM-friendly)  ·  (Torre)
        https://torre.ai/post/arQnEv6W
[2026-04-14] 🗣 Customer Service Representative (Bilingual Spanish-English)
        Talent Bridging  ·  Remote (LATAM-friendly)  ·  (Torre)
        https://torre.ai/post/GdjqLMaw

======================================================================
 ✔  Guardadas 11 vacantes en:  empleos_remotos.csv   [SOLO bilingües español-inglés]
     · Asistente virtual: 6   · Servicio al cliente: 5
     · NUEVAS desde la última corrida: 3
     Ábrelo con Excel/Google Sheets (columnas 'perfil', 'bilingue', 'nueva').
======================================================================
avisado: 3 vacantes nuevas (11 piden espanol)
